-8.314363250168382
-7.324123744276692
-6.743124707689215
-6.743124707689215
-6.236552479470792
-6.236552479470792
-6.134155846192263
-6.134155846192263
-6.134155846192263
-6.129535134532468
-5.871315744584854
-5.717089009340936
-5.6739421207757275
-5.600979583815088
-5.600979583815088
-5.600979583815088
-5.445843041331398
-5.445843041331398
-5.445843041331398
-5.445843041331398
-5.445843041331398
-5.445843041331398
-5.442327112382383
-5.379042300292671
-5.344380358869454
-5.292172752639852
-5.274279953388268
-5.274279953388268
-5.274279953388268
-5.271424397692593
-5.270045476911953
-5.270045476911953
-5.25394067571438
-5.25394067571438
-5.237858319012605
-5.237369209456269
-5.206194136420681
-5.206194136420681
-5.19433911306697
-5.161755426058612
-5.114874698385017
-5.114874698385017
-5.114874698385017
-5.11215921625058
-5.094875161513256
-5.086664141461506
-5.081192112226868
-5.04679743214376
-5.021937950857334
-5.003255847655066
-5.000469340998519
-4.989371448624544
-4.969891797421859
-4.966123746379504
-4.966123746379504
-4.955278022157218
-4.951518623632354
-4.936505124055333
-4.931976876581672
-4.931976876581672
-4.9260662778764885
-4.918276946115907
-4.918276946115907
-4.918276946115907
-4.910941528716737
-4.910941528716737
-4.910941528716737
-4.909469623343299
-4.878868477986913
-4.878868477986913
-4.878868477986913
-4.878868477986913
-4.869346508391135
-4.863204195643721
-4.863204195643721
-4.863204195643721
-4.862803414508313
-4.822351120995353
-4.819876964235775
-4.819876964235775
-4.819876964235775
-4.819876964235775
-4.819876964235775
-4.8194695826608
-4.818726011527845
-4.818726011527845
-4.818726011527845
-4.81432803967875
-4.81432803967875
-4.809018926070778
-4.809018926070778
-4.790414077370183
-4.788567714221858
-4.788567714221858
-4.780937106301528
-4.780937106301528
-4.780937106301528
-4.779975070823451
-4.779975070823451
-4.779975070823451
-4.779849048123545
-4.779849048123545
